Rufus x64 v4.5.2180 (Portable)
Windows version: Windows 10 Pro x64 (Build 19042.985)
Syslinux versions: 4.07/2013-07-25, 6.04/pre1
Grub versions: 0.4.6a, 2.12
System locale ID: 0x0409 (en-US)
Will use default UI locale 0x0409
SetLGP: Successfully set NoDriveTypeAutorun policy to 0x0000009E
Localization set to 'en-US'
Found 517 officially revoked UEFI bootloaders from embedded list
WARNING: Could not parse this system's SkuSiPolicy.p7b for additional revoked UEFI bootloaders
Found UAS (USB 3.0) device 'Seagate Ultra Slim PL UAS Device' (0BC2:AB2E)
Device eliminated because it was detected as a Hard Drive (score 38 > 0)
If this device is not a Hard Drive, please e-mail the author of this application
NOTE: You can enable the listing of Hard Drives under 'advanced drive properties'
0 devices found
Found UAS (USB 3.0) device 'Seagate Ultra Slim PL UAS Device' (0BC2:AB2E)
1 device found
Disk type: FIXED, Disk size: 1TB, Sector size: 512 bytes
Cylinders: 121601, Tracks per cylinder: 255, Sectors per track: 63
Partition type: MBR, NB Partitions: 1
Disk ID: 0x0055DF85
Drive has a Rufus Master Boot Record
Partition 1:
  Type: NTFS (0x07)
  Detected File System: NTFS
  Size: 931.5 GB (1000203821056 bytes)
  Start Sector: 2048, Boot: Yes
Scanning image...
ISO analysis:
  Image is a UDF image
Disk image analysis:
  Image does not have a Boot Marker
ISO label: 'WIN10.PRO.20H2.X64.GHOSTSPECTRE'
  Detected: Windows 10 ISO (Build 19042.985)
  Size: 3.0 GB (Projected)
  Note: File on disk is larger than reported ISO size by 552 KB...
  Uses: EFI
  Uses: Bootmgr (BIOS and UEFI)
  Uses: Install.esd (version 0.14.0+)
Using image: WIN10.PRO.20H2.SUPERLITE+COMPACT.U3.X64.GHOSTSPECTRE.(N-V3).iso (3.0 GB)
Selected Windows User Experience options:
• Disable data collection
• Use 'Nobiyyan' for local account name

Format operation started
Requesting disk access...
Will use 'D:' as volume mountpoint
Opened \\.\PhysicalDrive1 for exclusive write access
Analyzing existing boot records...
Drive has a Rufus Master Boot Record
Clearing MBR/PBR/GPT structures...
Erasing 2176 sectors
Initializing disk...
Partitioning (GPT)...
● Creating Main Data Partition (offset: 1048576, size: 931.5 GB)
Waiting for logical drive to reappear...
Formatting (Large FAT32)...
Opened \\?\Volume{9f7eb80b-b443-41e6-8fcd-d64b656b8937} for exclusive write access
Size : 931.5 GB 1953523008 sectors
Cluster size 32768 bytes, 512 bytes per sector
Volume ID is 1cea:1026
366 Reserved sectors, 238409 sectors per FAT, 2 FATs
30516341 Total clusters
30516340 Free clusters
Clearing out 477248 sectors for reserved sectors, FATs and root cluster...
Initializing reserved sectors and FATs...
FAT #0 sector at address: 366
FAT #1 sector at address: 238775
Writing Partition Boot Record...
Using Standard FAT32 partition boot record
Confirmed new volume has a primary FAT32 boot sector
Setting primary FAT32 boot sector for boot...
Confirmed new volume has a secondary FAT32 boot sector
Setting secondary FAT32 boot sector for boot...
Setting label...
Format completed.
Writing Master Boot Record...
Using Rufus protective MBR
Writing protective message SBR
Found volume \\?\Volume{9f7eb80b-b443-41e6-8fcd-d64b656b8937}\
Successfully remounted \\?\Volume{9f7eb80b-b443-41e6-8fcd-d64b656b8937}\ as D:
Extracting files...
Image is a UDF image
Extracting: D:\boot\en-us\bootsect.exe.mui (16 KB)
Extracting: D:\boot\fonts\chs_boot.ttf (3.5 MB)
Extracting: D:\boot\fonts\cht_boot.ttf (3.7 MB)
Extracting: D:\boot\fonts\jpn_boot.ttf (1.9 MB)
Extracting: D:\boot\fonts\kor_boot.ttf (2.3 MB)
Extracting: D:\boot\fonts\malgunn_boot.ttf (171.5 KB)
Extracting: D:\boot\fonts\malgun_boot.ttf (173.9 KB)
Extracting: D:\boot\fonts\malgun_console.ttf (80.6 KB)
Extracting: D:\boot\fonts\meiryon_boot.ttf (140.8 KB)
Extracting: D:\boot\fonts\meiryo_boot.ttf (142.5 KB)
Extracting: D:\boot\fonts\meiryo_console.ttf (89.6 KB)
Extracting: D:\boot\fonts\msjhn_boot.ttf (159.9 KB)
Extracting: D:\boot\fonts\msjh_boot.ttf (161.8 KB)
Extracting: D:\boot\fonts\msjh_console.ttf (199.2 KB)
Extracting: D:\boot\fonts\msyhn_boot.ttf (151.8 KB)
Extracting: D:\boot\fonts\msyh_boot.ttf (153.6 KB)
Extracting: D:\boot\fonts\msyh_console.ttf (95.4 KB)
Extracting: D:\boot\fonts\segmono_boot.ttf (43.9 KB)
Extracting: D:\boot\fonts\segoen_slboot.ttf (84.0 KB)
Extracting: D:\boot\fonts\segoe_slboot.ttf (84.3 KB)
Extracting: D:\boot\fonts\wgl4_boot.ttf (48 KB)
Extracting: D:\boot\resources\bootres.dll (90.5 KB)
Extracting: D:\boot\bcd (16 KB)
Extracting: D:\boot\boot.sdi (3 MB)
Extracting: D:\boot\bootfix.bin (1 KB)
Extracting: D:\boot\bootsect.exe (105.5 KB)
Extracting: D:\boot\etfsboot.com (4 KB)
Extracting: D:\boot\memtest.exe (967 KB)
Extracting: D:\efi\boot\bootx64.efi (1.5 MB)
Extracting: D:\efi\microsoft\boot\fonts\chs_boot.ttf (3.5 MB)
Extracting: D:\efi\microsoft\boot\fonts\cht_boot.ttf (3.7 MB)
Extracting: D:\efi\microsoft\boot\fonts\jpn_boot.ttf (1.9 MB)
Extracting: D:\efi\microsoft\boot\fonts\kor_boot.ttf (2.3 MB)
Extracting: D:\efi\microsoft\boot\fonts\malgunn_boot.ttf (171.5 KB)
Extracting: D:\efi\microsoft\boot\fonts\malgun_boot.ttf (173.9 KB)
Extracting: D:\efi\microsoft\boot\fonts\malgun_console.ttf (80.6 KB)
Extracting: D:\efi\microsoft\boot\fonts\meiryon_boot.ttf (140.9 KB)
Extracting: D:\efi\microsoft\boot\fonts\meiryo_boot.ttf (142.5 KB)
Extracting: D:\efi\microsoft\boot\fonts\meiryo_console.ttf (89.6 KB)
Extracting: D:\efi\microsoft\boot\fonts\msjhn_boot.ttf (159.9 KB)
Extracting: D:\efi\microsoft\boot\fonts\msjh_boot.ttf (161.8 KB)
Extracting: D:\efi\microsoft\boot\fonts\msjh_console.ttf (199.2 KB)
Extracting: D:\efi\microsoft\boot\fonts\msyhn_boot.ttf (151.8 KB)
Extracting: D:\efi\microsoft\boot\fonts\msyh_boot.ttf (153.6 KB)
Extracting: D:\efi\microsoft\boot\fonts\msyh_console.ttf (95.4 KB)
Extracting: D:\efi\microsoft\boot\fonts\segmono_boot.ttf (43.9 KB)
Extracting: D:\efi\microsoft\boot\fonts\segoen_slboot.ttf (84.0 KB)
Extracting: D:\efi\microsoft\boot\fonts\segoe_slboot.ttf (84.3 KB)
Extracting: D:\efi\microsoft\boot\fonts\wgl4_boot.ttf (48 KB)
Extracting: D:\efi\microsoft\boot\resources\bootres.dll (90.5 KB)
Extracting: D:\efi\microsoft\boot\bcd (16 KB)
Extracting: D:\efi\microsoft\boot\cdboot.efi (1.1 MB)
Extracting: D:\efi\microsoft\boot\cdboot_noprompt.efi (1.1 MB)
Extracting: D:\efi\microsoft\boot\efisys.bin (1.4 MB)
Extracting: D:\efi\microsoft\boot\efisys_noprompt.bin (1.4 MB)
Extracting: D:\efi\microsoft\boot\memtest.efi (1.3 MB)
Extracting: D:\efi\microsoft\boot\winsipolicy.p7b (8.7 KB)
Extracting: D:\sources\$OEM$\$$\Resources\Themes\GHOSTDARK\Wallpapers\GHOSTDARK.png (2 MB)
Extracting: D:\sources\$OEM$\$$\Setup\Scripts\SetupComplete.20H2.bak (331 bytes)
Extracting: D:\sources\$OEM$\$$\Setup\Scripts\SetupComplete.cmd (27 bytes)
Extracting: D:\sources\$OEM$\$1\Windows\Setup\Files\7z1900-x64.exe (1.4 MB)
Extracting: D:\sources\$OEM$\$1\Windows\Setup\Files\cpu-z_1.88-en.exe (1.9 MB)
Extracting: D:\sources\$OEM$\$1\Windows\System32\OEMDefaultAssociations.xml (5.5 KB)
Extracting: D:\sources\en-US\appraiser.dll.mui (3.5 KB)
Extracting: D:\sources\en-US\arunres.dll.mui (5.5 KB)
Extracting: D:\sources\en-US\cmisetup.dll.mui (4.5 KB)
Extracting: D:\sources\en-US\compatctrl.dll.mui (6 KB)
Extracting: D:\sources\en-US\dism.exe.mui (29.5 KB)
Extracting: D:\sources\en-US\dismapi.dll.mui (4.5 KB)
Extracting: D:\sources\en-US\dismcore.dll.mui (7.5 KB)
Extracting: D:\sources\en-US\dismprov.dll.mui (2.5 KB)
Extracting: D:\sources\en-US\folderprovider.dll.mui (2.5 KB)
Extracting: D:\sources\en-US\imagingprovider.dll.mui (18 KB)
Extracting: D:\sources\en-US\input.dll.mui (24.5 KB)
Extracting: D:\sources\en-US\logprovider.dll.mui (6 KB)
Extracting: D:\sources\en-US\MediaSetupUIMgr.dll.mui (52 KB)
Extracting: D:\sources\en-US\nlsbres.dll.mui (62.5 KB)
Extracting: D:\sources\en-US\pnpibs.dll.mui (5 KB)
Extracting: D:\sources\en-US\reagent.adml (1.8 KB)
Extracting: D:\sources\en-US\reagent.dll.mui (10.5 KB)
Extracting: D:\sources\en-US\rollback.exe.mui (4.5 KB)
Extracting: D:\sources\en-US\setup.exe.mui (18 KB)
Extracting: D:\sources\en-US\setupcompat.dll.mui (3 KB)
Extracting: D:\sources\en-US\SetupCore.dll.mui (15 KB)
Extracting: D:\sources\en-US\setupplatform.exe.mui (12.8 KB)
Extracting: D:\sources\en-US\SetupPrep.exe.mui (25.5 KB)
Extracting: D:\sources\en-US\setup_help_upgrade_or_custom.rtf (62.2 KB)
Extracting: D:\sources\en-US\smiengine.dll.mui (12 KB)
Extracting: D:\sources\en-US\spwizres.dll.mui (8 KB)
Extracting: D:\sources\en-US\upgloader.dll.mui (4.5 KB)
Extracting: D:\sources\en-US\uxlibres.dll.mui (3 KB)
Extracting: D:\sources\en-US\vhdprovider.dll.mui (7 KB)
Extracting: D:\sources\en-US\vofflps.rtf (769 bytes)
Extracting: D:\sources\en-US\w32uires.dll.mui (199 KB)
Extracting: D:\sources\en-US\wdsclient.dll.mui (7.5 KB)
Extracting: D:\sources\en-US\wdsimage.dll.mui (6 KB)
Extracting: D:\sources\en-US\wimprovider.dll.mui (27 KB)
Extracting: D:\sources\en-US\WinDlp.dll.mui (5.5 KB)
Extracting: D:\sources\en-US\winsetup.dll.mui (52.5 KB)
Extracting: D:\sources\inf\setup.cfg (3.2 KB)
Extracting: D:\sources\recovery\en-US\RecEnv.exe.mui (24 KB)
Extracting: D:\sources\recovery\en-US\StartRep.exe.mui (30 KB)
Extracting: D:\sources\recovery\RecEnv.exe (496.5 KB)
Extracting: D:\sources\recovery\StartRep.exe (957.5 KB)
Extracting: D:\sources\alert.gif (1 KB)
Extracting: D:\sources\appcompat.xsl (11.4 KB)
Extracting: D:\sources\appcompat_bidi.xsl (12.2 KB)
Extracting: D:\sources\appcompat_detailed_bidi_txt.xsl (13.1 KB)
Extracting: D:\sources\appcompat_detailed_txt.xsl (13 KB)
Extracting: D:\sources\appraiser.dll (1.8 MB)
Extracting: D:\sources\ARUNIMG.dll (805.8 KB)
Extracting: D:\sources\arunres.dll (13.8 KB)
Extracting: D:\sources\autorun.dll (163.8 KB)
Extracting: D:\sources\autounattend.xml_bak (1.4 KB)
Extracting: D:\sources\boot.wim (386.9 MB)
Extracting: D:\sources\cmisetup.dll (649.8 KB)
Extracting: D:\sources\compatctrl.dll (152.3 KB)
Extracting: D:\sources\cryptosetup.dll (23.4 KB)
Extracting: D:\sources\diager.dll (52.8 KB)
Extracting: D:\sources\diagnostic.dll (173.8 KB)
Extracting: D:\sources\diagtrack.dll (1.3 MB)
Extracting: D:\sources\diagtrackrunner.exe (86.2 KB)
Extracting: D:\sources\dism.exe (277.5 KB)
Extracting: D:\sources\dismapi.dll (1 MB)
Extracting: D:\sources\dismcore.dll (395.8 KB)
Extracting: D:\sources\dismcoreps.dll (183.5 KB)
Extracting: D:\sources\dismprov.dll (253.5 KB)
Extracting: D:\sources\ei.cfg (19 bytes)
Extracting: D:\sources\folderprovider.dll (60 KB)
Extracting: D:\sources\Ghost.ico (161.7 KB)
Extracting: D:\sources\hwcompat.dll (203.8 KB)
Extracting: D:\sources\hwcompat.txt (734 KB)
Extracting: D:\sources\hwexclude.txt (51 bytes)
Extracting: D:\sources\idwbinfo.txt (122 bytes)
Extracting: D:\sources\imagingprovider.dll (217.3 KB)
Extracting: D:\sources\input.dll (369.3 KB)
Extracting: D:\sources\install.esd (2.5 GB)
Extracting: D:\sources\lang.ini (78 bytes)
Extracting: D:\sources\locale.nls (800.3 KB)
Extracting: D:\sources\logprovider.dll (148.8 KB)
Extracting: D:\sources\MediaSetupUIMgr.dll (15.1 MB)
Extracting: D:\sources\nlsbres.dll (88.5 KB)
Extracting: D:\sources\ntdsupg.dll (27.9 KB)
Extracting: D:\sources\offline.xml (37.8 KB)
Extracting: D:\sources\pnpibs.dll (80.3 KB)
Extracting: D:\sources\processmodel-cpt-rm.man (1.8 KB)
Extracting: D:\sources\product.ini (5.8 KB)
Extracting: D:\sources\profsvcreplacement.man (1 KB)
Extracting: D:\sources\propsys-replacement.man (2.2 KB)
Extracting: D:\sources\reagent.admx (1.2 KB)
Extracting: D:\sources\reagent.dll (1.1 MB)
Extracting: D:\sources\reagent.xml (837 bytes)
Extracting: D:\sources\rollback.exe (124.3 KB)
Extracting: D:\sources\rpc-http_proxy-dl.man (1.4 KB)
Extracting: D:\sources\schema.dat (92 KB)
Extracting: D:\sources\segoeui.ttf (933.4 KB)
Extracting: D:\sources\setup.exe (286.3 KB)
Extracting: D:\sources\setupcompat.dll (342.8 KB)
Extracting: D:\sources\SetupCore.dll (2.2 MB)
Extracting: D:\sources\SetupHost.exe (856 KB)
Extracting: D:\sources\SetupMgr.dll (934.8 KB)
Extracting: D:\sources\SetupPlatform.cfg (10.2 KB)
Extracting: D:\sources\SetupPlatform.dll (9.1 MB)
Extracting: D:\sources\SetupPlatform.exe (165.8 KB)
Extracting: D:\sources\SetupPrep.exe (10.3 MB)
Extracting: D:\sources\SmiEngine.dll (849.8 KB)
Extracting: D:\sources\spflvrnt.dll (34.8 KB)
Extracting: D:\sources\spprgrss.dll (59.3 KB)
Extracting: D:\sources\spwizeng.dll (516 KB)
Extracting: D:\sources\spwizimg.dll (5.6 MB)
Extracting: D:\sources\spwizres.dll (16.3 KB)
Extracting: D:\sources\sqmapi.dll (47.4 KB)
Extracting: D:\sources\unattend.dll (201.5 KB)
Extracting: D:\sources\unbcl.dll (1 MB)
Extracting: D:\sources\upgloader.dll (118.8 KB)
Extracting: D:\sources\upgrade_frmwrk.xml (18.2 KB)
Extracting: D:\sources\uxlib.dll (176.8 KB)
Extracting: D:\sources\uxlibres.dll (11.3 KB)
Extracting: D:\sources\vhdprovider.dll (558.3 KB)
Extracting: D:\sources\w32uiimg.dll (2.8 MB)
Extracting: D:\sources\w32uires.dll (207.3 KB)
Extracting: D:\sources\warning.gif (597 bytes)
Extracting: D:\sources\wdsclient.dll (970.9 KB)
Extracting: D:\sources\wdsclientapi.dll (300.9 KB)
Extracting: D:\sources\wdscore.dll (255.8 KB)
Extracting: D:\sources\wdscsl.dll (60.8 KB)
Extracting: D:\sources\wdsimage.dll (924.4 KB)
Extracting: D:\sources\wdstptc.dll (635.1 KB)
Extracting: D:\sources\wdsutil.dll (296.8 KB)
Extracting: D:\sources\wimprovider.dll (587.5 KB)
Extracting: D:\sources\win32ui.dll (649.3 KB)
Extracting: D:\sources\WinDlp.dll (1.4 MB)
Extracting: D:\sources\winsetup.dll (3.5 MB)
Extracting: D:\sources\wpx.dll (1.3 MB)
Extracting: D:\sources\xmllite.dll (210 KB)
Extracting: D:\autorun.inf (53 bytes)
Extracting: D:\autounattend.xml (1.4 KB)
Extracting: D:\bootmgr (401.2 KB)
Extracting: D:\bootmgr.efi (1.4 MB)
Extracting: D:\Setup.x64.config (504 bytes)
Extracting: D:\Setup.x64.exe (146 KB)
Applying Windows customization:
Created 'D:\sources\$OEM$\$$\Panther\unattend.xml'
Finalizing, please wait...
D:autorun.inf already exists - keeping it

Found UAS (USB 3.0) device 'Seagate Ultra Slim PL UAS Device' (0BC2:AB2E)
1 device found
Disk type: FIXED, Disk size: 1TB, Sector size: 512 bytes
Cylinders: 121601, Tracks per cylinder: 255, Sectors per track: 63
Partition type: GPT, NB Partitions: 1
Disk GUID: {CD2923F0-EFA6-4D1D-A431-9F7C06082ED7}
Max parts: 128, Start Offset: 17408, Usable = 1000204851200 bytes
Partition 1:
  Type: Microsoft Basic Data Partition
  Name: 'Main Data Partition'
  Detected File System: FAT32
  ID: {9F7EB80B-B443-41E6-8FCD-D64B656B8937}
  Size: 931.5 GB (1000203780096 bytes)
  Start Sector: 2048, Attributes: 0x0000000000000000
